2019-07-12 10:57:58,727 ERROR [com.neu.gmcc.kdc.GdKafkaProducterKbc] - ----error------
org.apache.kafka.common.KafkaException: Failed to construct kafka producer
	at org.apache.kafka.clients.producer.KafkaProducer.<init>(KafkaProducer.java:338)
	at org.apache.kafka.clients.producer.KafkaProducer.<init>(KafkaProducer.java:188)
	at com.neu.gmcc.kdc.GdKafkaProducterKbc.main(GdKafkaProducterKbc.java:45)
Caused by: org.apache.kafka.common.config.ConfigException: No resolvable bootstrap urls given in bootstrap.servers
	at org.apache.kafka.clients.ClientUtils.parseAndValidateAddresses(ClientUtils.java:61)
	at org.apache.kafka.clients.producer.KafkaProducer.<init>(KafkaProducer.java:300)
	... 2 more
2019-07-12 11:07:39,681 ERROR [com.neu.gmcc.kdc.GdKafkaProducterKbc] - ----error------
org.apache.kafka.common.KafkaException: Failed to construct kafka producer
	at org.apache.kafka.clients.producer.KafkaProducer.<init>(KafkaProducer.java:338)
	at org.apache.kafka.clients.producer.KafkaProducer.<init>(KafkaProducer.java:188)
	at com.neu.gmcc.kdc.GdKafkaProducterKbc.main(GdKafkaProducterKbc.java:45)
Caused by: org.apache.kafka.common.KafkaException: java.lang.SecurityException: java.io.IOException: /app/bighead/terrace/kdc/kafka_client_jaas.conf (No such file or directory)
	at org.apache.kafka.common.network.SaslChannelBuilder.configure(SaslChannelBuilder.java:86)
	at org.apache.kafka.common.network.ChannelBuilders.create(ChannelBuilders.java:71)
	at org.apache.kafka.clients.ClientUtils.createChannelBuilder(ClientUtils.java:85)
	at org.apache.kafka.clients.producer.KafkaProducer.<init>(KafkaProducer.java:302)
	... 2 more
Caused by: java.lang.SecurityException: java.io.IOException: /app/bighead/terrace/kdc/kafka_client_jaas.conf (No such file or directory)
	at sun.security.provider.ConfigFile$Spi.<init>(ConfigFile.java:137)
	at sun.security.provider.ConfigFile.<init>(ConfigFile.java:102)
	at sun.reflect.NativeConstructorAccessorImpl.newInstance0(Native Method)
	at sun.reflect.NativeConstructorAccessorImpl.newInstance(NativeConstructorAccessorImpl.java:62)
	at sun.reflect.DelegatingConstructorAccessorImpl.newInstance(DelegatingConstructorAccessorImpl.java:45)
	at java.lang.reflect.Constructor.newInstance(Constructor.java:423)
	at java.lang.Class.newInstance(Class.java:442)
	at javax.security.auth.login.Configuration$2.run(Configuration.java:255)
	at javax.security.auth.login.Configuration$2.run(Configuration.java:247)
	at java.security.AccessController.doPrivileged(Native Method)
	at javax.security.auth.login.Configuration.getConfiguration(Configuration.java:246)
	at org.apache.kafka.common.security.JaasUtils.jaasConfig(JaasUtils.java:47)
	at org.apache.kafka.common.security.kerberos.KerberosLogin.getServiceName(KerberosLogin.java:297)
	at org.apache.kafka.common.security.kerberos.KerberosLogin.configure(KerberosLogin.java:103)
	at org.apache.kafka.common.security.authenticator.LoginManager.<init>(LoginManager.java:45)
	at org.apache.kafka.common.security.authenticator.LoginManager.acquireLoginManager(LoginManager.java:68)
	at org.apache.kafka.common.network.SaslChannelBuilder.configure(SaslChannelBuilder.java:78)
	... 5 more
Caused by: java.io.IOException: /app/bighead/terrace/kdc/kafka_client_jaas.conf (No such file or directory)
	at sun.security.provider.ConfigFile$Spi.ioException(ConfigFile.java:666)
	at sun.security.provider.ConfigFile$Spi.init(ConfigFile.java:262)
	at sun.security.provider.ConfigFile$Spi.<init>(ConfigFile.java:135)
	... 21 more
2019-07-12 11:15:40,254 ERROR [com.neu.gmcc.kdc.GdKafkaProducterKbc] - ----error------
org.apache.kafka.common.KafkaException: Failed to construct kafka producer
	at org.apache.kafka.clients.producer.KafkaProducer.<init>(KafkaProducer.java:338)
	at org.apache.kafka.clients.producer.KafkaProducer.<init>(KafkaProducer.java:188)
	at com.neu.gmcc.kdc.GdKafkaProducterKbc.main(GdKafkaProducterKbc.java:45)
Caused by: org.apache.kafka.common.KafkaException: javax.security.auth.login.LoginException: Receive timed out
	at org.apache.kafka.common.network.SaslChannelBuilder.configure(SaslChannelBuilder.java:86)
	at org.apache.kafka.common.network.ChannelBuilders.create(ChannelBuilders.java:71)
	at org.apache.kafka.clients.ClientUtils.createChannelBuilder(ClientUtils.java:85)
	at org.apache.kafka.clients.producer.KafkaProducer.<init>(KafkaProducer.java:302)
	... 2 more
Caused by: javax.security.auth.login.LoginException: Receive timed out
	at com.sun.security.auth.module.Krb5LoginModule.attemptAuthentication(Krb5LoginModule.java:808)
	at com.sun.security.auth.module.Krb5LoginModule.login(Krb5LoginModule.java:617)
	at sun.reflect.NativeMethodAccessorImpl.invoke0(Native Method)
	at sun.reflect.NativeMethodAccessorImpl.invoke(NativeMethodAccessorImpl.java:62)
	at sun.reflect.DelegatingMethodAccessorImpl.invoke(DelegatingMethodAccessorImpl.java:43)
	at java.lang.reflect.Method.invoke(Method.java:498)
	at javax.security.auth.login.LoginContext.invoke(LoginContext.java:755)
	at javax.security.auth.login.LoginContext.access$000(LoginContext.java:195)
	at javax.security.auth.login.LoginContext$4.run(LoginContext.java:682)
	at javax.security.auth.login.LoginContext$4.run(LoginContext.java:680)
	at java.security.AccessController.doPrivileged(Native Method)
	at javax.security.auth.login.LoginContext.invokePriv(LoginContext.java:680)
	at javax.security.auth.login.LoginContext.login(LoginContext.java:587)
	at org.apache.kafka.common.security.authenticator.AbstractLogin.login(AbstractLogin.java:69)
	at org.apache.kafka.common.security.kerberos.KerberosLogin.login(KerberosLogin.java:110)
	at org.apache.kafka.common.security.authenticator.LoginManager.<init>(LoginManager.java:46)
	at org.apache.kafka.common.security.authenticator.LoginManager.acquireLoginManager(LoginManager.java:68)
	at org.apache.kafka.common.network.SaslChannelBuilder.configure(SaslChannelBuilder.java:78)
	... 5 more
Caused by: java.net.SocketTimeoutException: Receive timed out
	at java.net.PlainDatagramSocketImpl.receive0(Native Method)
	at java.net.AbstractPlainDatagramSocketImpl.receive(AbstractPlainDatagramSocketImpl.java:143)
	at java.net.DatagramSocket.receive(DatagramSocket.java:812)
	at sun.security.krb5.internal.UDPClient.receive(NetClient.java:206)
	at sun.security.krb5.KdcComm$KdcCommunication.run(KdcComm.java:411)
	at sun.security.krb5.KdcComm$KdcCommunication.run(KdcComm.java:364)
	at java.security.AccessController.doPrivileged(Native Method)
	at sun.security.krb5.KdcComm.send(KdcComm.java:348)
	at sun.security.krb5.KdcComm.sendIfPossible(KdcComm.java:253)
	at sun.security.krb5.KdcComm.send(KdcComm.java:229)
	at sun.security.krb5.KdcComm.send(KdcComm.java:200)
	at sun.security.krb5.KrbAsReqBuilder.send(KrbAsReqBuilder.java:316)
	at sun.security.krb5.KrbAsReqBuilder.action(KrbAsReqBuilder.java:361)
	at com.sun.security.auth.module.Krb5LoginModule.attemptAuthentication(Krb5LoginModule.java:776)
	... 22 more
2019-07-12 14:09:55,449 ERROR [com.neu.gmcc.kdc.GdKafkaProducterKbc] - ----error------
org.apache.kafka.common.KafkaException: Failed to construct kafka producer
	at org.apache.kafka.clients.producer.KafkaProducer.<init>(KafkaProducer.java:338)
	at org.apache.kafka.clients.producer.KafkaProducer.<init>(KafkaProducer.java:188)
	at com.neu.gmcc.kdc.GdKafkaProducterKbc.main(GdKafkaProducterKbc.java:45)
Caused by: org.apache.kafka.common.KafkaException: javax.security.auth.login.LoginException: Receive timed out
	at org.apache.kafka.common.network.SaslChannelBuilder.configure(SaslChannelBuilder.java:86)
	at org.apache.kafka.common.network.ChannelBuilders.create(ChannelBuilders.java:71)
	at org.apache.kafka.clients.ClientUtils.createChannelBuilder(ClientUtils.java:85)
	at org.apache.kafka.clients.producer.KafkaProducer.<init>(KafkaProducer.java:302)
	... 2 more
Caused by: javax.security.auth.login.LoginException: Receive timed out
	at com.sun.security.auth.module.Krb5LoginModule.attemptAuthentication(Krb5LoginModule.java:808)
	at com.sun.security.auth.module.Krb5LoginModule.login(Krb5LoginModule.java:617)
	at sun.reflect.NativeMethodAccessorImpl.invoke0(Native Method)
	at sun.reflect.NativeMethodAccessorImpl.invoke(NativeMethodAccessorImpl.java:62)
	at sun.reflect.DelegatingMethodAccessorImpl.invoke(DelegatingMethodAccessorImpl.java:43)
	at java.lang.reflect.Method.invoke(Method.java:498)
	at javax.security.auth.login.LoginContext.invoke(LoginContext.java:755)
	at javax.security.auth.login.LoginContext.access$000(LoginContext.java:195)
	at javax.security.auth.login.LoginContext$4.run(LoginContext.java:682)
	at javax.security.auth.login.LoginContext$4.run(LoginContext.java:680)
	at java.security.AccessController.doPrivileged(Native Method)
	at javax.security.auth.login.LoginContext.invokePriv(LoginContext.java:680)
	at javax.security.auth.login.LoginContext.login(LoginContext.java:587)
	at org.apache.kafka.common.security.authenticator.AbstractLogin.login(AbstractLogin.java:69)
	at org.apache.kafka.common.security.kerberos.KerberosLogin.login(KerberosLogin.java:110)
	at org.apache.kafka.common.security.authenticator.LoginManager.<init>(LoginManager.java:46)
	at org.apache.kafka.common.security.authenticator.LoginManager.acquireLoginManager(LoginManager.java:68)
	at org.apache.kafka.common.network.SaslChannelBuilder.configure(SaslChannelBuilder.java:78)
	... 5 more
Caused by: java.net.SocketTimeoutException: Receive timed out
	at java.net.PlainDatagramSocketImpl.receive0(Native Method)
	at java.net.AbstractPlainDatagramSocketImpl.receive(AbstractPlainDatagramSocketImpl.java:143)
	at java.net.DatagramSocket.receive(DatagramSocket.java:812)
	at sun.security.krb5.internal.UDPClient.receive(NetClient.java:206)
	at sun.security.krb5.KdcComm$KdcCommunication.run(KdcComm.java:411)
	at sun.security.krb5.KdcComm$KdcCommunication.run(KdcComm.java:364)
	at java.security.AccessController.doPrivileged(Native Method)
	at sun.security.krb5.KdcComm.send(KdcComm.java:348)
	at sun.security.krb5.KdcComm.sendIfPossible(KdcComm.java:253)
	at sun.security.krb5.KdcComm.send(KdcComm.java:229)
	at sun.security.krb5.KdcComm.send(KdcComm.java:200)
	at sun.security.krb5.KrbAsReqBuilder.send(KrbAsReqBuilder.java:316)
	at sun.security.krb5.KrbAsReqBuilder.action(KrbAsReqBuilder.java:361)
	at com.sun.security.auth.module.Krb5LoginModule.attemptAuthentication(Krb5LoginModule.java:776)
	... 22 more
2019-07-12 14:49:21,725 ERROR [com.neu.gmcc.kdc.GdKafkaProducterKbc] - ----error------
org.apache.kafka.common.KafkaException: Failed to construct kafka producer
	at org.apache.kafka.clients.producer.KafkaProducer.<init>(KafkaProducer.java:338)
	at org.apache.kafka.clients.producer.KafkaProducer.<init>(KafkaProducer.java:188)
	at com.neu.gmcc.kdc.GdKafkaProducterKbc.main(GdKafkaProducterKbc.java:45)
Caused by: org.apache.kafka.common.KafkaException: javax.security.auth.login.LoginException: Receive timed out
	at org.apache.kafka.common.network.SaslChannelBuilder.configure(SaslChannelBuilder.java:86)
	at org.apache.kafka.common.network.ChannelBuilders.create(ChannelBuilders.java:71)
	at org.apache.kafka.clients.ClientUtils.createChannelBuilder(ClientUtils.java:85)
	at org.apache.kafka.clients.producer.KafkaProducer.<init>(KafkaProducer.java:302)
	... 2 more
Caused by: javax.security.auth.login.LoginException: Receive timed out
	at com.sun.security.auth.module.Krb5LoginModule.attemptAuthentication(Krb5LoginModule.java:808)
	at com.sun.security.auth.module.Krb5LoginModule.login(Krb5LoginModule.java:617)
	at sun.reflect.NativeMethodAccessorImpl.invoke0(Native Method)
	at sun.reflect.NativeMethodAccessorImpl.invoke(NativeMethodAccessorImpl.java:62)
	at sun.reflect.DelegatingMethodAccessorImpl.invoke(DelegatingMethodAccessorImpl.java:43)
	at java.lang.reflect.Method.invoke(Method.java:498)
	at javax.security.auth.login.LoginContext.invoke(LoginContext.java:755)
	at javax.security.auth.login.LoginContext.access$000(LoginContext.java:195)
	at javax.security.auth.login.LoginContext$4.run(LoginContext.java:682)
	at javax.security.auth.login.LoginContext$4.run(LoginContext.java:680)
	at java.security.AccessController.doPrivileged(Native Method)
	at javax.security.auth.login.LoginContext.invokePriv(LoginContext.java:680)
	at javax.security.auth.login.LoginContext.login(LoginContext.java:587)
	at org.apache.kafka.common.security.authenticator.AbstractLogin.login(AbstractLogin.java:69)
	at org.apache.kafka.common.security.kerberos.KerberosLogin.login(KerberosLogin.java:110)
	at org.apache.kafka.common.security.authenticator.LoginManager.<init>(LoginManager.java:46)
	at org.apache.kafka.common.security.authenticator.LoginManager.acquireLoginManager(LoginManager.java:68)
	at org.apache.kafka.common.network.SaslChannelBuilder.configure(SaslChannelBuilder.java:78)
	... 5 more
Caused by: java.net.SocketTimeoutException: Receive timed out
	at java.net.PlainDatagramSocketImpl.receive0(Native Method)
	at java.net.AbstractPlainDatagramSocketImpl.receive(AbstractPlainDatagramSocketImpl.java:143)
	at java.net.DatagramSocket.receive(DatagramSocket.java:812)
	at sun.security.krb5.internal.UDPClient.receive(NetClient.java:206)
	at sun.security.krb5.KdcComm$KdcCommunication.run(KdcComm.java:411)
	at sun.security.krb5.KdcComm$KdcCommunication.run(KdcComm.java:364)
	at java.security.AccessController.doPrivileged(Native Method)
	at sun.security.krb5.KdcComm.send(KdcComm.java:348)
	at sun.security.krb5.KdcComm.sendIfPossible(KdcComm.java:253)
	at sun.security.krb5.KdcComm.send(KdcComm.java:229)
	at sun.security.krb5.KdcComm.send(KdcComm.java:200)
	at sun.security.krb5.KrbAsReqBuilder.send(KrbAsReqBuilder.java:316)
	at sun.security.krb5.KrbAsReqBuilder.action(KrbAsReqBuilder.java:361)
	at com.sun.security.auth.module.Krb5LoginModule.attemptAuthentication(Krb5LoginModule.java:776)
	... 22 more
2019-07-12 15:54:57,981 ERROR [com.neu.gmcc.kdc.GdKafkaProducterKbc] - ----error------
org.apache.kafka.common.KafkaException: Failed to construct kafka producer
	at org.apache.kafka.clients.producer.KafkaProducer.<init>(KafkaProducer.java:338)
	at org.apache.kafka.clients.producer.KafkaProducer.<init>(KafkaProducer.java:188)
	at com.neu.gmcc.kdc.GdKafkaProducterKbc.main(GdKafkaProducterKbc.java:45)
Caused by: org.apache.kafka.common.KafkaException: javax.security.auth.login.LoginException: Receive timed out
	at org.apache.kafka.common.network.SaslChannelBuilder.configure(SaslChannelBuilder.java:86)
	at org.apache.kafka.common.network.ChannelBuilders.create(ChannelBuilders.java:71)
	at org.apache.kafka.clients.ClientUtils.createChannelBuilder(ClientUtils.java:85)
	at org.apache.kafka.clients.producer.KafkaProducer.<init>(KafkaProducer.java:302)
	... 2 more
Caused by: javax.security.auth.login.LoginException: Receive timed out
	at com.sun.security.auth.module.Krb5LoginModule.attemptAuthentication(Krb5LoginModule.java:808)
	at com.sun.security.auth.module.Krb5LoginModule.login(Krb5LoginModule.java:617)
	at sun.reflect.NativeMethodAccessorImpl.invoke0(Native Method)
	at sun.reflect.NativeMethodAccessorImpl.invoke(NativeMethodAccessorImpl.java:62)
	at sun.reflect.DelegatingMethodAccessorImpl.invoke(DelegatingMethodAccessorImpl.java:43)
	at java.lang.reflect.Method.invoke(Method.java:498)
	at javax.security.auth.login.LoginContext.invoke(LoginContext.java:755)
	at javax.security.auth.login.LoginContext.access$000(LoginContext.java:195)
	at javax.security.auth.login.LoginContext$4.run(LoginContext.java:682)
	at javax.security.auth.login.LoginContext$4.run(LoginContext.java:680)
	at java.security.AccessController.doPrivileged(Native Method)
	at javax.security.auth.login.LoginContext.invokePriv(LoginContext.java:680)
	at javax.security.auth.login.LoginContext.login(LoginContext.java:587)
	at org.apache.kafka.common.security.authenticator.AbstractLogin.login(AbstractLogin.java:69)
	at org.apache.kafka.common.security.kerberos.KerberosLogin.login(KerberosLogin.java:110)
	at org.apache.kafka.common.security.authenticator.LoginManager.<init>(LoginManager.java:46)
	at org.apache.kafka.common.security.authenticator.LoginManager.acquireLoginManager(LoginManager.java:68)
	at org.apache.kafka.common.network.SaslChannelBuilder.configure(SaslChannelBuilder.java:78)
	... 5 more
Caused by: java.net.SocketTimeoutException: Receive timed out
	at java.net.PlainDatagramSocketImpl.receive0(Native Method)
	at java.net.AbstractPlainDatagramSocketImpl.receive(AbstractPlainDatagramSocketImpl.java:143)
	at java.net.DatagramSocket.receive(DatagramSocket.java:812)
	at sun.security.krb5.internal.UDPClient.receive(NetClient.java:206)
	at sun.security.krb5.KdcComm$KdcCommunication.run(KdcComm.java:411)
	at sun.security.krb5.KdcComm$KdcCommunication.run(KdcComm.java:364)
	at java.security.AccessController.doPrivileged(Native Method)
	at sun.security.krb5.KdcComm.send(KdcComm.java:348)
	at sun.security.krb5.KdcComm.sendIfPossible(KdcComm.java:253)
	at sun.security.krb5.KdcComm.send(KdcComm.java:229)
	at sun.security.krb5.KdcComm.send(KdcComm.java:200)
	at sun.security.krb5.KrbAsReqBuilder.send(KrbAsReqBuilder.java:316)
	at sun.security.krb5.KrbAsReqBuilder.action(KrbAsReqBuilder.java:361)
	at com.sun.security.auth.module.Krb5LoginModule.attemptAuthentication(Krb5LoginModule.java:776)
	... 22 more
2019-07-12 16:35:45,715 ERROR [com.neu.gmcc.kdc.GdKafkaProducterKbc] - ----error------
org.apache.kafka.common.KafkaException: Failed to construct kafka producer
	at org.apache.kafka.clients.producer.KafkaProducer.<init>(KafkaProducer.java:338)
	at org.apache.kafka.clients.producer.KafkaProducer.<init>(KafkaProducer.java:188)
	at com.neu.gmcc.kdc.GdKafkaProducterKbc.main(GdKafkaProducterKbc.java:45)
Caused by: org.apache.kafka.common.KafkaException: javax.security.auth.login.LoginException: Receive timed out
	at org.apache.kafka.common.network.SaslChannelBuilder.configure(SaslChannelBuilder.java:86)
	at org.apache.kafka.common.network.ChannelBuilders.create(ChannelBuilders.java:71)
	at org.apache.kafka.clients.ClientUtils.createChannelBuilder(ClientUtils.java:85)
	at org.apache.kafka.clients.producer.KafkaProducer.<init>(KafkaProducer.java:302)
	... 2 more
Caused by: javax.security.auth.login.LoginException: Receive timed out
	at com.sun.security.auth.module.Krb5LoginModule.attemptAuthentication(Krb5LoginModule.java:808)
	at com.sun.security.auth.module.Krb5LoginModule.login(Krb5LoginModule.java:617)
	at sun.reflect.NativeMethodAccessorImpl.invoke0(Native Method)
	at sun.reflect.NativeMethodAccessorImpl.invoke(NativeMethodAccessorImpl.java:62)
	at sun.reflect.DelegatingMethodAccessorImpl.invoke(DelegatingMethodAccessorImpl.java:43)
	at java.lang.reflect.Method.invoke(Method.java:498)
	at javax.security.auth.login.LoginContext.invoke(LoginContext.java:755)
	at javax.security.auth.login.LoginContext.access$000(LoginContext.java:195)
	at javax.security.auth.login.LoginContext$4.run(LoginContext.java:682)
	at javax.security.auth.login.LoginContext$4.run(LoginContext.java:680)
	at java.security.AccessController.doPrivileged(Native Method)
	at javax.security.auth.login.LoginContext.invokePriv(LoginContext.java:680)
	at javax.security.auth.login.LoginContext.login(LoginContext.java:587)
	at org.apache.kafka.common.security.authenticator.AbstractLogin.login(AbstractLogin.java:69)
	at org.apache.kafka.common.security.kerberos.KerberosLogin.login(KerberosLogin.java:110)
	at org.apache.kafka.common.security.authenticator.LoginManager.<init>(LoginManager.java:46)
	at org.apache.kafka.common.security.authenticator.LoginManager.acquireLoginManager(LoginManager.java:68)
	at org.apache.kafka.common.network.SaslChannelBuilder.configure(SaslChannelBuilder.java:78)
	... 5 more
Caused by: java.net.SocketTimeoutException: Receive timed out
	at java.net.PlainDatagramSocketImpl.receive0(Native Method)
	at java.net.AbstractPlainDatagramSocketImpl.receive(AbstractPlainDatagramSocketImpl.java:143)
	at java.net.DatagramSocket.receive(DatagramSocket.java:812)
	at sun.security.krb5.internal.UDPClient.receive(NetClient.java:206)
	at sun.security.krb5.KdcComm$KdcCommunication.run(KdcComm.java:411)
	at sun.security.krb5.KdcComm$KdcCommunication.run(KdcComm.java:364)
	at java.security.AccessController.doPrivileged(Native Method)
	at sun.security.krb5.KdcComm.send(KdcComm.java:348)
	at sun.security.krb5.KdcComm.sendIfPossible(KdcComm.java:253)
	at sun.security.krb5.KdcComm.send(KdcComm.java:229)
	at sun.security.krb5.KdcComm.send(KdcComm.java:200)
	at sun.security.krb5.KrbAsReqBuilder.send(KrbAsReqBuilder.java:316)
	at sun.security.krb5.KrbAsReqBuilder.action(KrbAsReqBuilder.java:361)
	at com.sun.security.auth.module.Krb5LoginModule.attemptAuthentication(Krb5LoginModule.java:776)
	... 22 more
2019-07-12 17:58:59,668 ERROR [com.neu.gmcc.kdc.GdKafkaProducterKbc] - ----error------
org.apache.kafka.common.KafkaException: Failed to construct kafka producer
	at org.apache.kafka.clients.producer.KafkaProducer.<init>(KafkaProducer.java:338)
	at org.apache.kafka.clients.producer.KafkaProducer.<init>(KafkaProducer.java:188)
	at com.neu.gmcc.kdc.GdKafkaProducterKbc.main(GdKafkaProducterKbc.java:45)
Caused by: org.apache.kafka.common.KafkaException: javax.security.auth.login.LoginException: Receive timed out
	at org.apache.kafka.common.network.SaslChannelBuilder.configure(SaslChannelBuilder.java:86)
	at org.apache.kafka.common.network.ChannelBuilders.create(ChannelBuilders.java:71)
	at org.apache.kafka.clients.ClientUtils.createChannelBuilder(ClientUtils.java:85)
	at org.apache.kafka.clients.producer.KafkaProducer.<init>(KafkaProducer.java:302)
	... 2 more
Caused by: javax.security.auth.login.LoginException: Receive timed out
	at com.sun.security.auth.module.Krb5LoginModule.attemptAuthentication(Krb5LoginModule.java:808)
	at com.sun.security.auth.module.Krb5LoginModule.login(Krb5LoginModule.java:617)
	at sun.reflect.NativeMethodAccessorImpl.invoke0(Native Method)
	at sun.reflect.NativeMethodAccessorImpl.invoke(NativeMethodAccessorImpl.java:62)
	at sun.reflect.DelegatingMethodAccessorImpl.invoke(DelegatingMethodAccessorImpl.java:43)
	at java.lang.reflect.Method.invoke(Method.java:498)
	at javax.security.auth.login.LoginContext.invoke(LoginContext.java:755)
	at javax.security.auth.login.LoginContext.access$000(LoginContext.java:195)
	at javax.security.auth.login.LoginContext$4.run(LoginContext.java:682)
	at javax.security.auth.login.LoginContext$4.run(LoginContext.java:680)
	at java.security.AccessController.doPrivileged(Native Method)
	at javax.security.auth.login.LoginContext.invokePriv(LoginContext.java:680)
	at javax.security.auth.login.LoginContext.login(LoginContext.java:587)
	at org.apache.kafka.common.security.authenticator.AbstractLogin.login(AbstractLogin.java:69)
	at org.apache.kafka.common.security.kerberos.KerberosLogin.login(KerberosLogin.java:110)
	at org.apache.kafka.common.security.authenticator.LoginManager.<init>(LoginManager.java:46)
	at org.apache.kafka.common.security.authenticator.LoginManager.acquireLoginManager(LoginManager.java:68)
	at org.apache.kafka.common.network.SaslChannelBuilder.configure(SaslChannelBuilder.java:78)
	... 5 more
Caused by: java.net.SocketTimeoutException: Receive timed out
	at java.net.PlainDatagramSocketImpl.receive0(Native Method)
	at java.net.AbstractPlainDatagramSocketImpl.receive(AbstractPlainDatagramSocketImpl.java:143)
	at java.net.DatagramSocket.receive(DatagramSocket.java:812)
	at sun.security.krb5.internal.UDPClient.receive(NetClient.java:206)
	at sun.security.krb5.KdcComm$KdcCommunication.run(KdcComm.java:411)
	at sun.security.krb5.KdcComm$KdcCommunication.run(KdcComm.java:364)
	at java.security.AccessController.doPrivileged(Native Method)
	at sun.security.krb5.KdcComm.send(KdcComm.java:348)
	at sun.security.krb5.KdcComm.sendIfPossible(KdcComm.java:253)
	at sun.security.krb5.KdcComm.send(KdcComm.java:229)
	at sun.security.krb5.KdcComm.send(KdcComm.java:200)
	at sun.security.krb5.KrbAsReqBuilder.send(KrbAsReqBuilder.java:316)
	at sun.security.krb5.KrbAsReqBuilder.action(KrbAsReqBuilder.java:361)
	at com.sun.security.auth.module.Krb5LoginModule.attemptAuthentication(Krb5LoginModule.java:776)
	... 22 more
2019-07-12 18:02:46,024 ERROR [com.neu.gmcc.kdc.GdKafkaProducterKbc] - ----error------
org.apache.kafka.common.KafkaException: Failed to construct kafka producer
	at org.apache.kafka.clients.producer.KafkaProducer.<init>(KafkaProducer.java:338)
	at org.apache.kafka.clients.producer.KafkaProducer.<init>(KafkaProducer.java:188)
	at com.neu.gmcc.kdc.GdKafkaProducterKbc.main(GdKafkaProducterKbc.java:45)
Caused by: org.apache.kafka.common.KafkaException: javax.security.auth.login.LoginException: Receive timed out
	at org.apache.kafka.common.network.SaslChannelBuilder.configure(SaslChannelBuilder.java:86)
	at org.apache.kafka.common.network.ChannelBuilders.create(ChannelBuilders.java:71)
	at org.apache.kafka.clients.ClientUtils.createChannelBuilder(ClientUtils.java:85)
	at org.apache.kafka.clients.producer.KafkaProducer.<init>(KafkaProducer.java:302)
	... 2 more
Caused by: javax.security.auth.login.LoginException: Receive timed out
	at com.sun.security.auth.module.Krb5LoginModule.attemptAuthentication(Krb5LoginModule.java:808)
	at com.sun.security.auth.module.Krb5LoginModule.login(Krb5LoginModule.java:617)
	at sun.reflect.NativeMethodAccessorImpl.invoke0(Native Method)
	at sun.reflect.NativeMethodAccessorImpl.invoke(NativeMethodAccessorImpl.java:62)
	at sun.reflect.DelegatingMethodAccessorImpl.invoke(DelegatingMethodAccessorImpl.java:43)
	at java.lang.reflect.Method.invoke(Method.java:498)
	at javax.security.auth.login.LoginContext.invoke(LoginContext.java:755)
	at javax.security.auth.login.LoginContext.access$000(LoginContext.java:195)
	at javax.security.auth.login.LoginContext$4.run(LoginContext.java:682)
	at javax.security.auth.login.LoginContext$4.run(LoginContext.java:680)
	at java.security.AccessController.doPrivileged(Native Method)
	at javax.security.auth.login.LoginContext.invokePriv(LoginContext.java:680)
	at javax.security.auth.login.LoginContext.login(LoginContext.java:587)
	at org.apache.kafka.common.security.authenticator.AbstractLogin.login(AbstractLogin.java:69)
	at org.apache.kafka.common.security.kerberos.KerberosLogin.login(KerberosLogin.java:110)
	at org.apache.kafka.common.security.authenticator.LoginManager.<init>(LoginManager.java:46)
	at org.apache.kafka.common.security.authenticator.LoginManager.acquireLoginManager(LoginManager.java:68)
	at org.apache.kafka.common.network.SaslChannelBuilder.configure(SaslChannelBuilder.java:78)
	... 5 more
Caused by: java.net.SocketTimeoutException: Receive timed out
	at java.net.PlainDatagramSocketImpl.receive0(Native Method)
	at java.net.AbstractPlainDatagramSocketImpl.receive(AbstractPlainDatagramSocketImpl.java:143)
	at java.net.DatagramSocket.receive(DatagramSocket.java:812)
	at sun.security.krb5.internal.UDPClient.receive(NetClient.java:206)
	at sun.security.krb5.KdcComm$KdcCommunication.run(KdcComm.java:411)
	at sun.security.krb5.KdcComm$KdcCommunication.run(KdcComm.java:364)
	at java.security.AccessController.doPrivileged(Native Method)
	at sun.security.krb5.KdcComm.send(KdcComm.java:348)
	at sun.security.krb5.KdcComm.sendIfPossible(KdcComm.java:253)
	at sun.security.krb5.KdcComm.send(KdcComm.java:229)
	at sun.security.krb5.KdcComm.send(KdcComm.java:200)
	at sun.security.krb5.KrbAsReqBuilder.send(KrbAsReqBuilder.java:316)
	at sun.security.krb5.KrbAsReqBuilder.action(KrbAsReqBuilder.java:361)
	at com.sun.security.auth.module.Krb5LoginModule.attemptAuthentication(Krb5LoginModule.java:776)
	... 22 more
2019-07-12 20:09:11,098 ERROR [com.neu.gmcc.kdc.GdKafkaProducterKbc] - ----error------
org.apache.kafka.common.KafkaException: Failed to construct kafka producer
	at org.apache.kafka.clients.producer.KafkaProducer.<init>(KafkaProducer.java:338)
	at org.apache.kafka.clients.producer.KafkaProducer.<init>(KafkaProducer.java:188)
	at com.neu.gmcc.kdc.GdKafkaProducterKbc.main(GdKafkaProducterKbc.java:45)
Caused by: org.apache.kafka.common.KafkaException: javax.security.auth.login.LoginException: master08.cluster-b.gdyd.com: Name or service not known
	at org.apache.kafka.common.network.SaslChannelBuilder.configure(SaslChannelBuilder.java:86)
	at org.apache.kafka.common.network.ChannelBuilders.create(ChannelBuilders.java:71)
	at org.apache.kafka.clients.ClientUtils.createChannelBuilder(ClientUtils.java:85)
	at org.apache.kafka.clients.producer.KafkaProducer.<init>(KafkaProducer.java:302)
	... 2 more
Caused by: javax.security.auth.login.LoginException: master08.cluster-b.gdyd.com: Name or service not known
	at com.sun.security.auth.module.Krb5LoginModule.attemptAuthentication(Krb5LoginModule.java:808)
	at com.sun.security.auth.module.Krb5LoginModule.login(Krb5LoginModule.java:617)
	at sun.reflect.NativeMethodAccessorImpl.invoke0(Native Method)
	at sun.reflect.NativeMethodAccessorImpl.invoke(NativeMethodAccessorImpl.java:62)
	at sun.reflect.DelegatingMethodAccessorImpl.invoke(DelegatingMethodAccessorImpl.java:43)
	at java.lang.reflect.Method.invoke(Method.java:498)
	at javax.security.auth.login.LoginContext.invoke(LoginContext.java:755)
	at javax.security.auth.login.LoginContext.access$000(LoginContext.java:195)
	at javax.security.auth.login.LoginContext$4.run(LoginContext.java:682)
	at javax.security.auth.login.LoginContext$4.run(LoginContext.java:680)
	at java.security.AccessController.doPrivileged(Native Method)
	at javax.security.auth.login.LoginContext.invokePriv(LoginContext.java:680)
	at javax.security.auth.login.LoginContext.login(LoginContext.java:587)
	at org.apache.kafka.common.security.authenticator.AbstractLogin.login(AbstractLogin.java:69)
	at org.apache.kafka.common.security.kerberos.KerberosLogin.login(KerberosLogin.java:110)
	at org.apache.kafka.common.security.authenticator.LoginManager.<init>(LoginManager.java:46)
	at org.apache.kafka.common.security.authenticator.LoginManager.acquireLoginManager(LoginManager.java:68)
	at org.apache.kafka.common.network.SaslChannelBuilder.configure(SaslChannelBuilder.java:78)
	... 5 more
Caused by: java.net.UnknownHostException: master08.cluster-b.gdyd.com: Name or service not known
	at java.net.Inet6AddressImpl.lookupAllHostAddr(Native Method)
	at java.net.InetAddress$2.lookupAllHostAddr(InetAddress.java:928)
	at java.net.InetAddress.getAddressesFromNameService(InetAddress.java:1323)
	at java.net.InetAddress.getAllByName0(InetAddress.java:1276)
	at java.net.InetAddress.getAllByName(InetAddress.java:1192)
	at java.net.InetAddress.getAllByName(InetAddress.java:1126)
	at java.net.InetAddress.getByName(InetAddress.java:1076)
	at sun.security.krb5.internal.UDPClient.<init>(NetClient.java:187)
	at sun.security.krb5.internal.NetClient.getInstance(NetClient.java:45)
	at sun.security.krb5.KdcComm$KdcCommunication.run(KdcComm.java:393)
	at sun.security.krb5.KdcComm$KdcCommunication.run(KdcComm.java:364)
	at java.security.AccessController.doPrivileged(Native Method)
	at sun.security.krb5.KdcComm.send(KdcComm.java:348)
	at sun.security.krb5.KdcComm.sendIfPossible(KdcComm.java:253)
	at sun.security.krb5.KdcComm.send(KdcComm.java:229)
	at sun.security.krb5.KdcComm.send(KdcComm.java:200)
	at sun.security.krb5.KrbAsReqBuilder.send(KrbAsReqBuilder.java:316)
	at sun.security.krb5.KrbAsReqBuilder.action(KrbAsReqBuilder.java:361)
	at com.sun.security.auth.module.Krb5LoginModule.attemptAuthentication(Krb5LoginModule.java:776)
	... 22 more
